<?xml version="1.0" encoding="UTF-8"?>
<testsuite name="will.wecancodeit.reviewssitefullstack.WebLayerTest" tests="1" skipped="0" failures="0" errors="0" timestamp="2020-10-16T23:31:49" hostname="UNIT2020-3" time="0.662">
  <properties/>
  <testcase name="shouldBeOkForASingleMovieEndpointWithMoviesViewAndMoviesModelAttribute()" classname="will.wecancodeit.reviewssitefullstack.WebLayerTest" time="0.662"/>
  <system-out><![CDATA[19:31:46.230 [Test worker] DEBUG org.springframework.test.context.BootstrapUtils - Instantiating CacheAwareContextLoaderDelegate from class [org.springframework.test.context.cache.DefaultCacheAwareContextLoaderDelegate]
19:31:46.245 [Test worker] DEBUG org.springframework.test.context.BootstrapUtils - Instantiating BootstrapContext using constructor [public org.springframework.test.context.support.DefaultBootstrapContext(java.lang.Class,org.springframework.test.context.CacheAwareContextLoaderDelegate)]
19:31:46.276 [Test worker] DEBUG org.springframework.test.context.BootstrapUtils - Instantiating TestContextBootstrapper for test class [will.wecancodeit.reviewssitefullstack.WebLayerTest] from class [org.springframework.boot.test.autoconfigure.web.servlet.WebMvcTestContextBootstrapper]
19:31:46.292 [Test worker] INFO org.springframework.boot.test.autoconfigure.web.servlet.WebMvcTestContextBootstrapper - Neither @ContextConfiguration nor @ContextHierarchy found for test class [will.wecancodeit.reviewssitefullstack.WebLayerTest], using SpringBootContextLoader
19:31:46.292 [Test worker] DEBUG org.springframework.test.context.support.AbstractContextLoader - Did not detect default resource location for test class [will.wecancodeit.reviewssitefullstack.WebLayerTest]: class path resource [will/wecancodeit/reviewssitefullstack/WebLayerTest-context.xml] does not exist
19:31:46.292 [Test worker] DEBUG org.springframework.test.context.support.AbstractContextLoader - Did not detect default resource location for test class [will.wecancodeit.reviewssitefullstack.WebLayerTest]: class path resource [will/wecancodeit/reviewssitefullstack/WebLayerTestContext.groovy] does not exist
19:31:46.292 [Test worker] INFO org.springframework.test.context.support.AbstractContextLoader - Could not detect default resource locations for test class [will.wecancodeit.reviewssitefullstack.WebLayerTest]: no resource found for suffixes {-context.xml, Context.groovy}.
19:31:46.292 [Test worker] INFO org.springframework.test.context.support.AnnotationConfigContextLoaderUtils - Could not detect default configuration classes for test class [will.wecancodeit.reviewssitefullstack.WebLayerTest]: WebLayerTest does not declare any static, non-private, non-final, nested classes annotated with @Configuration.
19:31:46.355 [Test worker] DEBUG org.springframework.test.context.support.ActiveProfilesUtils - Could not find an 'annotation declaring class' for annotation type [org.springframework.test.context.ActiveProfiles] and class [will.wecancodeit.reviewssitefullstack.WebLayerTest]
19:31:46.480 [Test worker] DEBUG org.springframework.context.annotation.ClassPathScanningCandidateComponentProvider - Identified candidate component class: file [C:\Users\user2020\Code\reviewssitefullstack\build\classes\java\main\will\wecancodeit\reviewssitefullstack\ReviewssitefullstackApplication.class]
19:31:46.480 [Test worker] INFO org.springframework.boot.test.context.SpringBootTestContextBootstrapper - Found @SpringBootConfiguration will.wecancodeit.reviewssitefullstack.ReviewssitefullstackApplication for test class will.wecancodeit.reviewssitefullstack.WebLayerTest
19:31:46.495 [Test worker] DEBUG org.springframework.boot.test.autoconfigure.web.servlet.WebMvcTestContextBootstrapper - @TestExecutionListeners is not present for class [will.wecancodeit.reviewssitefullstack.WebLayerTest]: using defaults.
19:31:46.495 [Test worker] INFO org.springframework.boot.test.autoconfigure.web.servlet.WebMvcTestContextBootstrapper - Loaded default TestExecutionListener class names from location [META-INF/spring.factories]: [org.springframework.boot.test.autoconfigure.restdocs.RestDocsTestExecutionListener, org.springframework.boot.test.autoconfigure.web.client.MockRestServiceServerResetTestExecutionListener, org.springframework.boot.test.autoconfigure.web.servlet.MockMvcPrintOnlyOnFailureTestExecutionListener, org.springframework.boot.test.autoconfigure.web.servlet.WebDriverTestExecutionListener, org.springframework.boot.test.autoconfigure.webservices.client.MockWebServiceServerTestExecutionListener, org.springframework.boot.test.mock.mockito.MockitoTestExecutionListener, org.springframework.boot.test.mock.mockito.ResetMocksTestExecutionListener, org.springframework.test.context.web.ServletTestExecutionListener, org.springframework.test.context.support.DirtiesContextBeforeModesTestExecutionListener, org.springframework.test.context.support.DependencyInjectionTestExecutionListener, org.springframework.test.context.support.DirtiesContextTestExecutionListener, org.springframework.test.context.transaction.TransactionalTestExecutionListener, org.springframework.test.context.jdbc.SqlScriptsTestExecutionListener, org.springframework.test.context.event.EventPublishingTestExecutionListener]
19:31:46.511 [Test worker] INFO org.springframework.boot.test.autoconfigure.web.servlet.WebMvcTestContextBootstrapper - Using TestExecutionListeners: [org.springframework.test.context.web.ServletTestExecutionListener@52a0480d, org.springframework.test.context.support.DirtiesContextBeforeModesTestExecutionListener@52fd4c22, org.springframework.boot.test.mock.mockito.MockitoTestExecutionListener@28ab0920, org.springframework.boot.test.autoconfigure.SpringBootDependencyInjectionTestExecutionListener@7e410f12, org.springframework.test.context.support.DirtiesContextTestExecutionListener@2e71d0f7, org.springframework.test.context.transaction.TransactionalTestExecutionListener@16d51547, org.springframework.test.context.jdbc.SqlScriptsTestExecutionListener@6647fcb4, org.springframework.test.context.event.EventPublishingTestExecutionListener@108856f1, org.springframework.boot.test.autoconfigure.restdocs.RestDocsTestExecutionListener@30deda7f, org.springframework.boot.test.autoconfigure.web.client.MockRestServiceServerResetTestExecutionListener@e1f8e0e, org.springframework.boot.test.autoconfigure.web.servlet.MockMvcPrintOnlyOnFailureTestExecutionListener@57e46125, org.springframework.boot.test.autoconfigure.web.servlet.WebDriverTestExecutionListener@5099af6, org.springframework.boot.test.autoconfigure.webservices.client.MockWebServiceServerTestExecutionListener@43c2b50a, org.springframework.boot.test.mock.mockito.ResetMocksTestExecutionListener@31df3c82]
19:31:46.526 [Test worker] DEBUG org.springframework.test.context.support.AbstractDirtiesContextTestExecutionListener - Before test class: context [DefaultTestContext@3aaba64b testClass = WebLayerTest, testInstance = [null], testMethod = [null], testException = [null], mergedContextConfiguration = [WebMergedContextConfiguration@5e6ecbe testClass = WebLayerTest, locations = '{}', classes = '{class will.wecancodeit.reviewssitefullstack.ReviewssitefullstackApplication}', contextInitializerClasses = '[]', activeProfiles = '{}', propertySourceLocations = '{}', propertySourceProperties = '{org.springframework.boot.test.autoconfigure.web.servlet.WebMvcTestContextBootstrapper=true}', contextCustomizers = set[org.springframework.boot.test.autoconfigure.OverrideAutoConfigurationContextCustomizerFactory$DisableAutoConfigurationContextCustomizer@6a027cb3, org.springframework.boot.test.autoconfigure.filter.TypeExcludeFiltersContextCustomizer@8b072792, org.springframework.boot.test.autoconfigure.properties.PropertyMappingContextCustomizer@349bbc9d, org.springframework.boot.test.autoconfigure.web.servlet.WebDriverContextCustomizerFactory$Customizer@7e3c3293, [ImportsContextCustomizer@28f212e3 key = [org.springframework.boot.autoconfigure.cache.CacheAutoConfiguration, org.springframework.boot.autoconfigure.context.MessageSourceAutoConfiguration, org.springframework.boot.autoconfigure.data.web.SpringDataWebAutoConfiguration, org.springframework.boot.autoconfigure.freemarker.FreeMarkerAutoConfiguration, org.springframework.boot.autoconfigure.groovy.template.GroovyTemplateAutoConfiguration, org.springframework.boot.autoconfigure.gson.GsonAutoConfiguration, org.springframework.boot.autoconfigure.hateoas.HypermediaAutoConfiguration, org.springframework.boot.autoconfigure.http.HttpMessageConvertersAutoConfiguration, org.springframework.boot.autoconfigure.jackson.JacksonAutoConfiguration, org.springframework.boot.autoconfigure.jsonb.JsonbAutoConfiguration, org.springframework.boot.autoconfigure.mustache.MustacheAutoConfiguration, org.springframework.boot.autoconfigure.task.TaskExecutionAutoConfiguration, org.springframework.boot.autoconfigure.thymeleaf.ThymeleafAutoConfiguration, org.springframework.boot.autoconfigure.validation.ValidationAutoConfiguration, org.springframework.boot.autoconfigure.web.servlet.error.ErrorMvcAutoConfiguration, org.springframework.boot.autoconfigure.web.servlet.WebMvcAutoConfiguration, org.springframework.boot.test.autoconfigure.web.servlet.MockMvcAutoConfiguration, org.springframework.boot.test.autoconfigure.web.servlet.MockMvcWebClientAutoConfiguration, org.springframework.boot.test.autoconfigure.web.servlet.MockMvcWebDriverAutoConfiguration, org.springframework.boot.autoconfigure.security.oauth2.client.servlet.OAuth2ClientAutoConfiguration, org.springframework.boot.autoconfigure.security.oauth2.resource.servlet.OAuth2ResourceServerAutoConfiguration, org.springframework.boot.autoconfigure.security.servlet.SecurityAutoConfiguration, org.springframework.boot.autoconfigure.security.servlet.SecurityFilterAutoConfiguration, org.springframework.boot.autoconfigure.security.servlet.UserDetailsServiceAutoConfiguration, org.springframework.boot.test.autoconfigure.web.servlet.MockMvcSecurityConfiguration]], org.springframework.boot.test.context.filter.ExcludeFilterContextCustomizer@6f3aeaa4, org.springframework.boot.test.json.DuplicateJsonObjectContextCustomizerFactory$DuplicateJsonObjectContextCustomizer@74227dcd, org.springframework.boot.test.mock.mockito.MockitoContextCustomizer@69d89561, org.springframework.boot.test.context.SpringBootTestArgs@1], resourceBasePath = 'src/main/webapp', contextLoader = 'org.springframework.boot.test.context.SpringBootContextLoader', parent = [null]], attributes = map[[empty]]], class annotated with @DirtiesContext [false] with mode [null].
19:31:46.558 [Test worker] DEBUG org.springframework.test.context.support.TestPropertySourceUtils - Adding inlined properties to environment: {spring.jmx.enabled=false, org.springframework.boot.test.autoconfigure.web.servlet.WebMvcTestContextBootstrapper=true}

  .   ____          _            __ _ _
 /\\ / ___'_ __ _ _(_)_ __  __ _ \ \ \ \
( ( )\___ | '_ | '_| | '_ \/ _` | \ \ \ \
 \\/  ___)| |_)| | | | | || (_| |  ) ) ) )
  '  |____| .__|_| |_|_| |_\__, | / / / /
 =========|_|==============|___/=/_/_/_/
 :: Spring Boot ::        (v2.3.4.RELEASE)

2020-10-16 19:31:47.047  INFO 4484 --- [    Test worker] w.w.reviewssitefullstack.WebLayerTest    : Starting WebLayerTest on Unit2020-3 with PID 4484 (started by We Can Code IT in C:\Users\user2020\Code\reviewssitefullstack)
2020-10-16 19:31:47.047  INFO 4484 --- [    Test worker] w.w.reviewssitefullstack.WebLayerTest    : No active profile set, falling back to default profiles: default
2020-10-16 19:31:48.994  INFO 4484 --- [    Test worker] o.s.s.concurrent.ThreadPoolTaskExecutor  : Initializing ExecutorService 'applicationTaskExecutor'
2020-10-16 19:31:49.383  INFO 4484 --- [    Test worker] o.s.b.t.m.w.SpringBootMockServletContext : Initializing Spring TestDispatcherServlet ''
2020-10-16 19:31:49.384  INFO 4484 --- [    Test worker] o.s.t.web.servlet.TestDispatcherServlet  : Initializing Servlet ''
2020-10-16 19:31:49.401  INFO 4484 --- [    Test worker] o.s.t.web.servlet.TestDispatcherServlet  : Completed initialization in 17 ms
2020-10-16 19:31:49.432  INFO 4484 --- [    Test worker] w.w.reviewssitefullstack.WebLayerTest    : Started WebLayerTest in 2.87 seconds (JVM running for 4.215)
]]></system-out>
  <system-err><![CDATA[]]></system-err>
</testsuite>
